<?xml version="1.0" encoding="UTF-8"?>
<testng-results ignored="0" total="1" passed="1" failed="0" skipped="0">
  <reporter-output>
  </reporter-output>
  <suite started-at="2023-03-18T00:56:25 EET" name="Command line suite" finished-at="2023-03-18T00:56:27 EET" duration-ms="2730">
    <groups>
    </groups>
    <test started-at="2023-03-18T00:56:25 EET" name="Command line test" finished-at="2023-03-18T00:56:27 EET" duration-ms="2730">
      <class name="Tests.SmokeTest">
        <test-method is-config="true" signature="profileSetUp()[pri:0, instance:Tests.SmokeTest@16267862]" started-at="2023-03-18T00:56:25 EET" name="profileSetUp" finished-at="2023-03-18T00:56:25 EET" duration-ms="163" status="PASS">
          <reporter-output>
          </reporter-output>
        </test-method> <!-- profileSetUp -->
        <test-method is-config="true" signature="testsSetUp()[pri:0, instance:Tests.SmokeTest@16267862]" started-at="2023-03-18T00:56:25 EET" name="testsSetUp" finished-at="2023-03-18T00:56:27 EET" duration-ms="2406" status="PASS">
          <reporter-output>
          </reporter-output>
        </test-method> <!-- testsSetUp -->
        <test-method signature="Check()[pri:0, instance:Tests.SmokeTest@16267862]" started-at="2023-03-18T00:56:27 EET" name="Check" finished-at="2023-03-18T00:56:27 EET" duration-ms="72" status="PASS">
          <reporter-output>
          </reporter-output>
        </test-method> <!-- Check -->
        <test-method is-config="true" signature="tearDown()[pri:0, instance:Tests.SmokeTest@16267862]" started-at="2023-03-18T00:56:27 EET" name="tearDown" finished-at="2023-03-18T00:56:27 EET" duration-ms="72" status="PASS">
          <reporter-output>
          </reporter-output>
        </test-method> <!-- tearDown -->
      </class> <!-- Tests.SmokeTest -->
    </test> <!-- Command line test -->
  </suite> <!-- Command line suite -->
</testng-results>
